REPORT LOG FILE FOR CELL MU0_system on Dec 12 15:36:00 2013
WORKING DIRECTORY IS /home/mbax3jp2/Cadence/COMP12111/xilinx_compile 
Removing pins from design MU0_system
REMOVING TEMP WITH /bin/rm -r xiltmp/MU0_system
s for building complete and updated connectivity.
processing Sevenseg_R...
processing Sevenseg_L...
processing Keys...
processing Keyboard...
processing count_10...
processing count_5...
processing Clocks...
processing Bargraph...
processing Traffic_lights...
processing Board...
processing count_10...
processing mux_2_1...
processing key_timing...
processing key_encoder...
processing Input_manager...
processing mux_8_1...
processing halfadder...
processing fulladder...
processing adder_4bit...
processing adder_16bit...
processing MU0_ALU...
processing MU0_conditions...
processing MU0_datapath...
processing decoder_3_8...
processing MU0_control...
processing MU0...
processing decoder_7_seg...
processing MU0_system...
Writing cell AND2...
Writing cell AND2B1...
Writing cell AND3...
Writing cell AND3B1...
Writing cell AND3B2...
Writing cell AND3B3...
Writing cell AND4...
Writing cell AND4B1...
Writing cell AND4B2...
Writing cell AND4B3...
Writing cell BUF...
Writing cell BUFG...
Writing cell FD...
Writing cell FDC...
Writing cell FDCE...
Writing cell FDE...
Writing cell GND...
Writing cell IBUF...
Writing cell INV...
Writing cell IPAD...
Writing cell NOR2...
Writing cell NOR3...
Writing cell NOR4...
Writing cell OBUF...
Writing cell OPAD...
Writing cell OR2...
Writing cell OR2B1...
Writing cell OR3...
Writing cell OR4...
Writing cell OR5...
Writing cell VCC...
Writing cell XOR2...
Writing cell halfadder...
Writing cell fulladder...
Writing cell adder_4bit...
Writing cell adder_16bit...
Writing cell MU0_ALU...
Writing cell MU0_conditions...
Writing cell count_10...
Writing cell decoder_3_8...
Writing cell decoder_7_seg...
Writing cell display_ID...
Writing cell enc_8_3...
Writing cell key_encoder...
Writing cell key_timing...
Writing cell memory_2...
Writing cell mux_2_1...
Writing cell mux_2to1_12bit...
Writing cell mux_2to1_16bit...
Writing cell mux_8_1...
Writing cell Input_manager...
Writing cell MU0_control...
Writing cell MU0_datapath...
Writing cell MU0...
Writing cell Bargraph...
Writing cell Keys...
Writing cell Sevenseg_L...
Writing cell Sevenseg_R...
Writing cell Traffic_lights...
Writing cell count_10...
Writing cell count_5...
Writing cell display_scan...
Writing cell key_scan...
Writing cell Clocks...
Writing cell Keyboard...
Writing cell Board...
Writing cell MU0_system...
XILINX PART IS xc3s200-ft256-4
Design is MU0_system
INC_DESIGN IS mux_2to1_12bit
XILINX PART IS xc3s200-ft256-4
Design is mux_2to1_12bit
removing mux_2to1_12bit.ngc
Release 8.1i - xst I.24
Copyright (c) 1995-2005 Xilinx, Inc.  All rights reserved.
--> 

TABLE OF CONTENTS
  1) Synthesis Options Summary
  2) HDL Compilation
  3) HDL Analysis
  4) HDL Synthesis
     4.1) HDL Synthesis Report
  5) Advanced HDL Synthesis
     5.1) Advanced HDL Synthesis Report
  6) Low Level Synthesis
  7) Final Report
     7.1) Device utilization summary
     7.2) TIMING REPORT


=========================================================================
*                      Synthesis Options Summary                        *
=========================================================================
---- Source Parameters
Input File Name                    : "mux_2to1_12bit_xst_incfiles"
Input Format                       : mixed

---- Target Parameters
Output File Name                   : "mux_2to1_12bit.ngc"
Output Format                      : NGC
Target Device                      : xc3s200-ft256-4

---- Source Options
Top Module Name                    : mux_2to1_12bit
Signal Encoding Algorithm          : user
FSM Encoding Algorithm             : user

---- Target Options
Add IO Buffers                     : no

---- General Options
Optimization Goal                  : Speed
Optimization Effort                : 1

=========================================================================

Setting FSM Encoding Algorithm to : user


=========================================================================
*                          HDL Compilation                              *
=========================================================================
Compiling verilog file "/home/mbax3jp2/Cadence/COMP12111/MU0_lib/mux_2to1_12bit/functional/verilog.v" in library work
Module <mux_2to1_12bit> compiled
No errors in compilation
Analysis of file <"mux_2to1_12bit_xst_incfiles"> succeeded.
 

=========================================================================
*                            HDL Analysis                               *
=========================================================================
Analyzing top module <mux_2to1_12bit>.
Module <mux_2to1_12bit> is correct for synthesis.
 

=========================================================================
*                           HDL Synthesis                               *
=========================================================================

Synthesizing Unit <mux_2to1_12bit>.
    Related source file is "/home/mbax3jp2/Cadence/COMP12111/MU0_lib/mux_2to1_12bit/functional/verilog.v".
Unit <mux_2to1_12bit> synthesized.


=========================================================================
HDL Synthesis Report

Found no macro
=========================================================================

=========================================================================
*                       Advanced HDL Synthesis                          *
=========================================================================


=========================================================================
Advanced HDL Synthesis Report

Found no macro
=========================================================================

=========================================================================
*                         Low Level Synthesis                           *
=========================================================================
Loading device for application Rf_Device from file '3s200.nph' in environment /opt/cadtools5/ise8.1i.

Optimizing unit <mux_2to1_12bit> ...

Mapping all equations...
Building and optimizing final netlist ...

=========================================================================
*                            Final Report                               *
=========================================================================
Final Results
Top Level Output File Name         : mux_2to1_12bit.ngc
Output Format                      : NGC
Optimization Goal                  : Speed
Keep Hierarchy                     : no

Design Statistics
# IOs                              : 37

Cell Usage :
# BELS                             : 12
#      LUT3                        : 12
=========================================================================

Device utilization summary:
---------------------------

Selected Device : 3s200ft256-4 

 Number of Slices:                       7  out of   1920     0%  
 Number of 4 input LUTs:                12  out of   3840     0%  


=========================================================================
TIMING REPORT

NOTE: THESE TIMING NUMBERS ARE ONLY A SYNTHESIS ESTIMATE.
      FOR ACCURATE TIMING INFORMATION PLEASE REFER TO THE TRACE REPORT
      GENERATED AFTER PLACE-and-ROUTE.

Clock Information:
------------------
No clock signals found in this design

Timing Summary:
---------------
Speed Grade: -4

   Minimum period: No path found
   Minimum input arrival time before clock: No path found
   Maximum output required time after clock: No path found
   Maximum combinational path delay: 0.890ns

Timing Detail:
--------------
All values displayed in nanoseconds (ns)

=========================================================================
Timing constraint: Default path analysis
  Total number of paths / destination ports: 36 / 12
-------------------------------------------------------------------------
Delay:               0.890ns (Levels of Logic = 1)
  Source:            a<11> (PAD)
  Destination:       q<11> (PAD)

  Data Path: a<11> to q<11>
                                Gate     Net
    Cell:in->out      fanout   Delay   Delay  Logical Name (Net Name)
    ----------------------------------------  ------------
     LUT3:I0->O            0   0.551   0.000  q<11>1 (q<11>)
    ----------------------------------------
    Total                      0.890ns (0.890ns logic, 0.000ns route)
                                       (100.0% logic, 0.0% route)

=========================================================================
CPU : 0.96 / 0.98 s | Elapsed : 1.00 / 1.00 s
 
--> 


Total memory usage is 90732 kilobytes

Number of errors   :    0 (   0 filtered)
Number of warnings :    0 (   0 filtered)
Number of infos    :    0 (   0 filtered)

INC_DESIGN IS mux_2to1_16bit
XILINX PART IS xc3s200-ft256-4
Design is mux_2to1_16bit
removing mux_2to1_16bit.ngc
Release 8.1i - xst I.24
Copyright (c) 1995-2005 Xilinx, Inc.  All rights reserved.
--> 

TABLE OF CONTENTS
  1) Synthesis Options Summary
  2) HDL Compilation
  3) HDL Analysis
  4) HDL Synthesis
     4.1) HDL Synthesis Report
  5) Advanced HDL Synthesis
     5.1) Advanced HDL Synthesis Report
  6) Low Level Synthesis
  7) Final Report
     7.1) Device utilization summary
     7.2) TIMING REPORT


=========================================================================
*                      Synthesis Options Summary                        *
=========================================================================
---- Source Parameters
Input File Name                    : "mux_2to1_16bit_xst_incfiles"
Input Format                       : mixed

---- Target Parameters
Output File Name                   : "mux_2to1_16bit.ngc"
Output Format                      : NGC
Target Device                      : xc3s200-ft256-4

---- Source Options
Top Module Name                    : mux_2to1_16bit
Signal Encoding Algorithm          : user
FSM Encoding Algorithm             : user

---- Target Options
Add IO Buffers                     : no

---- General Options
Optimization Goal                  : Speed
Optimization Effort                : 1

=========================================================================

Setting FSM Encoding Algorithm to : user


=========================================================================
*                          HDL Compilation                              *
=========================================================================
Compiling verilog file "/home/mbax3jp2/Cadence/COMP12111/MU0_lib/mux_2to1_16bit/functional/verilog.v" in library work
Module <mux_2to1_16bit> compiled
No errors in compilation
Analysis of file <"mux_2to1_16bit_xst_incfiles"> succeeded.
 

=========================================================================
*                            HDL Analysis                               *
=========================================================================
Analyzing top module <mux_2to1_16bit>.
Module <mux_2to1_16bit> is correct for synthesis.
 

=========================================================================
*                           HDL Synthesis                               *
=========================================================================

Synthesizing Unit <mux_2to1_16bit>.
    Related source file is "/home/mbax3jp2/Cadence/COMP12111/MU0_lib/mux_2to1_16bit/functional/verilog.v".
Unit <mux_2to1_16bit> synthesized.


=========================================================================
HDL Synthesis Report

Found no macro
=========================================================================

=========================================================================
*                       Advanced HDL Synthesis                          *
=========================================================================


=========================================================================
Advanced HDL Synthesis Report

Found no macro
=========================================================================

=========================================================================
*                         Low Level Synthesis                           *
=========================================================================
Loading device for application Rf_Device from file '3s200.nph' in environment /opt/cadtools5/ise8.1i.

Optimizing unit <mux_2to1_16bit> ...

Mapping all equations...
Building and optimizing final netlist ...

=========================================================================
*                            Final Report                               *
=========================================================================
Final Results
Top Level Output File Name         : mux_2to1_16bit.ngc
Output Format                      : NGC
Optimization Goal                  : Speed
Keep Hierarchy                     : no

Design Statistics
# IOs                              : 49

Cell Usage :
# BELS                             : 16
#      LUT3                        : 16
=========================================================================

Device utilization summary:
---------------------------

Selected Device : 3s200ft256-4 

 Number of Slices:                       9  out of   1920     0%  
 Number of 4 input LUTs:                16  out of   3840     0%  


=========================================================================
TIMING REPORT

NOTE: THESE TIMING NUMBERS ARE ONLY A SYNTHESIS ESTIMATE.
      FOR ACCURATE TIMING INFORMATION PLEASE REFER TO THE TRACE REPORT
      GENERATED AFTER PLACE-and-ROUTE.

Clock Information:
------------------
No clock signals found in this design

Timing Summary:
---------------
Speed Grade: -4

   Minimum period: No path found
   Minimum input arrival time before clock: No path found
   Maximum output required time after clock: No path found
   Maximum combinational path delay: 0.890ns

Timing Detail:
--------------
All values displayed in nanoseconds (ns)

=========================================================================
Timing constraint: Default path analysis
  Total number of paths / destination ports: 48 / 16
-------------------------------------------------------------------------
Delay:               0.890ns (Levels of Logic = 1)
  Source:            a<15> (PAD)
  Destination:       q<15> (PAD)

  Data Path: a<15> to q<15>
                                Gate     Net
    Cell:in->out      fanout   Delay   Delay  Logical Name (Net Name)
    ----------------------------------------  ------------
     LUT3:I0->O            0   0.551   0.000  q<15>1 (q<15>)
    ----------------------------------------
    Total                      0.890ns (0.890ns logic, 0.000ns route)
                                       (100.0% logic, 0.0% route)

=========================================================================
CPU : 0.96 / 0.98 s | Elapsed : 1.00 / 1.00 s
 
--> 


Total memory usage is 90732 kilobytes

Number of errors   :    0 (   0 filtered)
Number of warnings :    0 (   0 filtered)
Number of infos    :    0 (   0 filtered)

INC_DESIGN IS memory_2
XILINX PART IS xc3s200-ft256-4
Design is memory_2
removing memory_2.ngc
Release 8.1i - xst I.24
Copyright (c) 1995-2005 Xilinx, Inc.  All rights reserved.
--> 

TABLE OF CONTENTS
  1) Synthesis Options Summary
  2) HDL Compilation
  3) HDL Analysis
  4) HDL Synthesis
     4.1) HDL Synthesis Report
  5) Advanced HDL Synthesis
     5.1) Advanced HDL Synthesis Report
  6) Low Level Synthesis
  7) Final Report
     7.1) Device utilization summary
     7.2) TIMING REPORT


=========================================================================
*                      Synthesis Options Summary                        *
=========================================================================
---- Source Parameters
Input File Name                    : "memory_2_xst_incfiles"
Input Format                       : mixed

---- Target Parameters
Output File Name                   : "memory_2.ngc"
Output Format                      : NGC
Target Device                      : xc3s200-ft256-4

---- Source Options
Top Module Name                    : memory_2
Signal Encoding Algorithm          : user
FSM Encoding Algorithm             : user

---- Target Options
Add IO Buffers                     : no

---- General Options
Optimization Goal                  : Speed
Optimization Effort                : 1

=========================================================================

Setting FSM Encoding Algorithm to : user


=========================================================================
*                          HDL Compilation                              *
=========================================================================
Compiling verilog file "/home/mbax3jp2/Cadence/COMP12111/MU0_lib/memory_2/functional/verilog.v" in library work
Module <memory_2> compiled
No errors in compilation
Analysis of file <"memory_2_xst_incfiles"> succeeded.
 

=========================================================================
*                            HDL Analysis                               *
=========================================================================
Analyzing top module <memory_2>.
Module <memory_2> is correct for synthesis.
 

=========================================================================
*                           HDL Synthesis                               *
=========================================================================

Synthesizing Unit <memory_2>.
    Related source file is "/home/mbax3jp2/Cadence/COMP12111/MU0_lib/memory_2/functional/verilog.v".
    Found 4096x16-bit dual-port block RAM for signal <mem>.
    -----------------------------------------------------------------------
    | mode               | no-change                           |          |
    | dual mode          | read-first                          |          |
    | aspect ratio       | 4096-word x 16-bit                  |          |
    | clock              | connected to signal <Clk0>          | fall     |
    | dual clock         | connected to signal <Clk1>          | fall     |
    | write enable       | connected to signal <WEn0>          | high     |
    | dual write enable  | connected to signal <WEn1>          | high     |
    | address            | connected to signal <address0>      |          |
    | dual address       | connected to signal <address1>      |          |
    | data in            | connected to signal <write_data0>   |          |
    | dual data in       | connected to signal <write_data1>   |          |
    | data out           | connected to signal <read_data0>    |          |
    | dual data out      | connected to signal <read_data1>    |          |
    | ram_style          | auto                                |          |
    -----------------------------------------------------------------------
    Summary:
	inferred   1 RAM(s).
Unit <memory_2> synthesized.


=========================================================================
HDL Synthesis Report

Macro Statistics
# Block RAMs                                           : 1
 4096x16-bit dual-port block RAM                       : 1

=========================================================================

=========================================================================
*                       Advanced HDL Synthesis                          *
=========================================================================


=========================================================================
Advanced HDL Synthesis Report

Macro Statistics
# Block RAMs                                           : 1
 4096x16-bit dual-port block RAM                       : 1

=========================================================================

=========================================================================
*                         Low Level Synthesis                           *
=========================================================================
Loading device for application Rf_Device from file '3s200.nph' in environment /opt/cadtools5/ise8.1i.

Optimizing unit <memory_2> ...

Mapping all equations...
Building and optimizing final netlist ...

=========================================================================
*                            Final Report                               *
=========================================================================
Final Results
Top Level Output File Name         : memory_2.ngc
Output Format                      : NGC
Optimization Goal                  : Speed
Keep Hierarchy                     : no

Design Statistics
# IOs                              : 92

Cell Usage :
# BELS                             : 4
#      GND                         : 1
#      INV                         : 2
#      VCC                         : 1
# RAMS                             : 4
#      RAMB16_S4_S4                : 4
=========================================================================

Device utilization summary:
---------------------------

Selected Device : 3s200ft256-4 

 Number of BRAMs:                        4  out of     12    33%  


=========================================================================
TIMING REPORT

NOTE: THESE TIMING NUMBERS ARE ONLY A SYNTHESIS ESTIMATE.
      FOR ACCURATE TIMING INFORMATION PLEASE REFER TO THE TRACE REPORT
      GENERATED AFTER PLACE-and-ROUTE.

Clock Information:
------------------
-----------------------------------+------------------------+-------+
Clock Signal                       | Clock buffer(FF name)  | Load  |
-----------------------------------+------------------------+-------+
Clk0                               | NONE                   | 4     |
Clk1                               | NONE                   | 4     |
-----------------------------------+------------------------+-------+
INFO:Xst:2169 - HDL ADVISOR - Some clock signals were not automatically buffered by XST with BUFG/BUFR resources. Please use the buffer_type constraint in order to insert these buffers to the clock signals to help prevent skew problems.

Timing Summary:
---------------
Speed Grade: -4

   Minimum period: No path found
   Minimum input arrival time before clock: 0.000ns
   Maximum output required time after clock: 2.394ns
   Maximum combinational path delay: No path found

Timing Detail:
--------------
All values displayed in nanoseconds (ns)

=========================================================================
Timing constraint: Default OFFSET IN BEFORE for Clock 'Clk0'
  Total number of paths / destination ports: 56 / 56
-------------------------------------------------------------------------
Offset:              0.000ns (Levels of Logic = 0)
  Source:            address0<11> (PAD)
  Destination:       inst_Mram_mem4 (RAM)
  Destination Clock: Clk0 falling

  Data Path: address0<11> to inst_Mram_mem4
                                Gate     Net
    Cell:in->out      fanout   Delay   Delay  Logical Name (Net Name)
    ----------------------------------------  ------------
     RAMB16_S4_S4:ADDRA11        0.000          inst_Mram_mem31
    ----------------------------------------
    Total                      0.000ns (0.000ns logic, 0.000ns route)

=========================================================================
Timing constraint: Default OFFSET IN BEFORE for Clock 'Clk1'
  Total number of paths / destination ports: 56 / 56
-------------------------------------------------------------------------
Offset:              0.000ns (Levels of Logic = 0)
  Source:            address1<11> (PAD)
  Destination:       inst_Mram_mem4 (RAM)
  Destination Clock: Clk1 falling

  Data Path: address1<11> to inst_Mram_mem4
                                Gate     Net
    Cell:in->out      fanout   Delay   Delay  Logical Name (Net Name)
    ----------------------------------------  ------------
     RAMB16_S4_S4:ADDRB11        0.000          inst_Mram_mem31
    ----------------------------------------
    Total                      0.000ns (0.000ns logic, 0.000ns route)

=========================================================================
Timing constraint: Default OFFSET OUT AFTER for Clock 'Clk0'
  Total number of paths / destination ports: 16 / 16
-------------------------------------------------------------------------
Offset:              2.394ns (Levels of Logic = 0)
  Source:            inst_Mram_mem31 (RAM)
  Destination:       read_data0<15> (PAD)
  Source Clock:      Clk0 falling

  Data Path: inst_Mram_mem31 to read_data0<15>
                                Gate     Net
    Cell:in->out      fanout   Delay   Delay  Logical Name (Net Name)
    ----------------------------------------  ------------
     RAMB16_S4_S4:CLKA->DOA3    0   2.394   0.000  inst_Mram_mem31 (read_data0<15>)
    ----------------------------------------
    Total                      2.394ns (2.394ns logic, 0.000ns route)
                                       (100.0% logic, 0.0% route)

=========================================================================
Timing constraint: Default OFFSET OUT AFTER for Clock 'Clk1'
  Total number of paths / destination ports: 16 / 16
-------------------------------------------------------------------------
Offset:              2.394ns (Levels of Logic = 0)
  Source:            inst_Mram_mem31 (RAM)
  Destination:       read_data1<15> (PAD)
  Source Clock:      Clk1 falling

  Data Path: inst_Mram_mem31 to read_data1<15>
                                Gate     Net
    Cell:in->out      fanout   Delay   Delay  Logical Name (Net Name)
    ----------------------------------------  ------------
     RAMB16_S4_S4:CLKB->DOB3    0   2.394   0.000  inst_Mram_mem31 (read_data1<15>)
    ----------------------------------------
    Total                      2.394ns (2.394ns logic, 0.000ns route)
                                       (100.0% logic, 0.0% route)

=========================================================================
CPU : 1.22 / 1.24 s | Elapsed : 1.00 / 1.00 s
 
--> 


Total memory usage is 91588 kilobytes

Number of errors   :    0 (   0 filtered)
Number of warnings :    0 (   0 filtered)
Number of infos    :    1 (   0 filtered)

INC_DESIGN IS enc_8_3
XILINX PART IS xc3s200-ft256-4
Design is enc_8_3
removing enc_8_3.ngc
Release 8.1i - xst I.24
Copyright (c) 1995-2005 Xilinx, Inc.  All rights reserved.
--> 

TABLE OF CONTENTS
  1) Synthesis Options Summary
  2) HDL Compilation
  3) HDL Analysis
  4) HDL Synthesis
     4.1) HDL Synthesis Report
  5) Advanced HDL Synthesis
     5.1) Advanced HDL Synthesis Report
  6) Low Level Synthesis
  7) Final Report
     7.1) Device utilization summary
     7.2) TIMING REPORT


=========================================================================
*                      Synthesis Options Summary                        *
=========================================================================
---- Source Parameters
Input File Name                    : "enc_8_3_xst_incfiles"
Input Format                       : mixed

---- Target Parameters
Output File Name                   : "enc_8_3.ngc"
Output Format                      : NGC
Target Device                      : xc3s200-ft256-4

---- Source Options
Top Module Name                    : enc_8_3
Signal Encoding Algorithm          : user
FSM Encoding Algorithm             : user

---- Target Options
Add IO Buffers                     : no

---- General Options
Optimization Goal                  : Speed
Optimization Effort                : 1

=========================================================================

Setting FSM Encoding Algorithm to : user


=========================================================================
*                          HDL Compilation                              *
=========================================================================
Compiling verilog file "/home/mbax3jp2/Cadence/COMP12111/MU0_lib/enc_8_3/functional/verilog.v" in library work
Module <enc_8_3> compiled
No errors in compilation
Analysis of file <"enc_8_3_xst_incfiles"> succeeded.
 

=========================================================================
*                            HDL Analysis                               *
=========================================================================
Analyzing top module <enc_8_3>.
Module <enc_8_3> is correct for synthesis.
 

=========================================================================
*                           HDL Synthesis                               *
=========================================================================

Synthesizing Unit <enc_8_3>.
    Related source file is "/home/mbax3jp2/Cadence/COMP12111/MU0_lib/enc_8_3/functional/verilog.v".
INFO:Xst:1608 - Relative priorities of control signals on register <Q> differ from those commonly found in the selected device family. This will result in additional logic around the register.
WARNING:Xst:737 - Found 3-bit latch for signal <q>.
Unit <enc_8_3> synthesized.


=========================================================================
HDL Synthesis Report

Macro Statistics
# Latches                                              : 1
 3-bit latch                                           : 1

=========================================================================

=========================================================================
*                       Advanced HDL Synthesis                          *
=========================================================================


=========================================================================
Advanced HDL Synthesis Report

Macro Statistics
# Latches                                              : 1
 3-bit latch                                           : 1

=========================================================================

=========================================================================
*                         Low Level Synthesis                           *
=========================================================================
Loading device for application Rf_Device from file '3s200.nph' in environment /opt/cadtools5/ise8.1i.

Optimizing unit <enc_8_3> ...

Mapping all equations...
Building and optimizing final netlist ...

=========================================================================
*                            Final Report                               *
=========================================================================
Final Results
Top Level Output File Name         : enc_8_3.ngc
Output Format                      : NGC
Optimization Goal                  : Speed
Keep Hierarchy                     : no

Design Statistics
# IOs                              : 11

Cell Usage :
# BELS                             : 12
#      LUT2                        : 3
#      LUT3                        : 2
#      LUT4                        : 7
# FlipFlops/Latches                : 3
#      LDCP                        : 3
=========================================================================

Device utilization summary:
---------------------------

Selected Device : 3s200ft256-4 

 Number of Slices:                       7  out of   1920     0%  
 Number of Slice Flip Flops:             3  out of   3840     0%  
 Number of 4 input LUTs:                12  out of   3840     0%  


=========================================================================
TIMING REPORT

NOTE: THESE TIMING NUMBERS ARE ONLY A SYNTHESIS ESTIMATE.
      FOR ACCURATE TIMING INFORMATION PLEASE REFER TO THE TRACE REPORT
      GENERATED AFTER PLACE-and-ROUTE.

Clock Information:
------------------
-----------------------------------+------------------------+-------+
Clock Signal                       | Clock buffer(FF name)  | Load  |
-----------------------------------+------------------------+-------+
i0                                 | NONE                   | 3     |
-----------------------------------+------------------------+-------+
INFO:Xst:2169 - HDL ADVISOR - Some clock signals were not automatically buffered by XST with BUFG/BUFR resources. Please use the buffer_type constraint in order to insert these buffers to the clock signals to help prevent skew problems.

Timing Summary:
---------------
Speed Grade: -4

   Minimum period: No path found
   Minimum input arrival time before clock: 2.513ns
   Maximum output required time after clock: 0.633ns
   Maximum combinational path delay: No path found

Timing Detail:
--------------
All values displayed in nanoseconds (ns)

=========================================================================
Timing constraint: Default OFFSET IN BEFORE for Clock 'i0'
  Total number of paths / destination ports: 11 / 3
-------------------------------------------------------------------------
Offset:              2.513ns (Levels of Logic = 2)
  Source:            i1 (PAD)
  Destination:       q_0 (LATCH)
  Destination Clock: i0 falling

  Data Path: i1 to q_0
                                Gate     Net
    Cell:in->out      fanout   Delay   Delay  Logical Name (Net Name)
    ----------------------------------------  ------------
     LUT2:I0->O            1   0.551   0.869  _n0002<0>_SW0 (N9)
     LUT4:I2->O            2   0.551   0.000  _n0002<0> (_n0002<0>)
     LDCP:D                    0.203          q_0
    ----------------------------------------
    Total                      2.513ns (1.644ns logic, 0.869ns route)
                                       (65.4% logic, 34.6% route)

=========================================================================
Timing constraint: Default OFFSET OUT AFTER for Clock 'i0'
  Total number of paths / destination ports: 3 / 3
-------------------------------------------------------------------------
Offset:              0.633ns (Levels of Logic = 0)
  Source:            q_2 (LATCH)
  Destination:       q<2> (PAD)
  Source Clock:      i0 falling

  Data Path: q_2 to q<2>
                                Gate     Net
    Cell:in->out      fanout   Delay   Delay  Logical Name (Net Name)
    ----------------------------------------  ------------
     LDCP:G->Q             0   0.633   0.000  q_2 (q<2>)
    ----------------------------------------
    Total                      0.633ns (0.633ns logic, 0.000ns route)
                                       (100.0% logic, 0.0% route)

=========================================================================
CPU : 0.98 / 1.00 s | Elapsed : 1.00 / 1.00 s
 
--> 


Total memory usage is 90548 kilobytes

Number of errors   :    0 (   0 filtered)
Number of warnings :    1 (   0 filtered)
Number of infos    :    2 (   0 filtered)

INC_DESIGN IS display_ID
XILINX PART IS xc3s200-ft256-4
Design is display_ID
removing display_ID.ngc
Release 8.1i - xst I.24
Copyright (c) 1995-2005 Xilinx, Inc.  All rights reserved.
--> 

TABLE OF CONTENTS
  1) Synthesis Options Summary
  2) HDL Compilation
  3) HDL Analysis
  4) HDL Synthesis
     4.1) HDL Synthesis Report
  5) Advanced HDL Synthesis
     5.1) Advanced HDL Synthesis Report
  6) Low Level Synthesis
  7) Final Report
     7.1) Device utilization summary
     7.2) TIMING REPORT


=========================================================================
*                      Synthesis Options Summary                        *
=========================================================================
---- Source Parameters
Input File Name                    : "display_ID_xst_incfiles"
Input Format                       : mixed

---- Target Parameters
Output File Name                   : "display_ID.ngc"
Output Format                      : NGC
Target Device                      : xc3s200-ft256-4

---- Source Options
Top Module Name                    : display_ID
Signal Encoding Algorithm          : user
FSM Encoding Algorithm             : user

---- Target Options
Add IO Buffers                     : no

---- General Options
Optimization Goal                  : Speed
Optimization Effort                : 1

=========================================================================

Setting FSM Encoding Algorithm to : user


=========================================================================
*                          HDL Compilation                              *
=========================================================================
Compiling verilog file "/home/mbax3jp2/Cadence/COMP12111/MU0_lib/display_ID/functional/verilog.v" in library work
Module <display_ID> compiled
No errors in compilation
Analysis of file <"display_ID_xst_incfiles"> succeeded.
 

=========================================================================
*                            HDL Analysis                               *
=========================================================================
Analyzing top module <display_ID>.
Module <display_ID> is correct for synthesis.
 

=========================================================================
*                           HDL Synthesis                               *
=========================================================================

Synthesizing Unit <display_ID>.
    Related source file is "/home/mbax3jp2/Cadence/COMP12111/MU0_lib/display_ID/functional/verilog.v".
    Found 8x16-bit ROM for signal <$n0000>.
    Summary:
	inferred   1 ROM(s).
Unit <display_ID> synthesized.


=========================================================================
HDL Synthesis Report

Macro Statistics
# ROMs                                                 : 1
 8x16-bit ROM                                          : 1

=========================================================================

=========================================================================
*                       Advanced HDL Synthesis                          *
=========================================================================


=========================================================================
Advanced HDL Synthesis Report

Macro Statistics
# ROMs                                                 : 1
 8x16-bit ROM                                          : 1

=========================================================================

=========================================================================
*                         Low Level Synthesis                           *
=========================================================================
Loading device for application Rf_Device from file '3s200.nph' in environment /opt/cadtools5/ise8.1i.

Optimizing unit <display_ID> ...

Mapping all equations...
Building and optimizing final netlist ...

=========================================================================
*                            Final Report                               *
=========================================================================
Final Results
Top Level Output File Name         : display_ID.ngc
Output Format                      : NGC
Optimization Goal                  : Speed
Keep Hierarchy                     : no

Design Statistics
# IOs                              : 19

Cell Usage :
# BELS                             : 11
#      GND                         : 1
#      LUT3                        : 9
#      VCC                         : 1
=========================================================================

Device utilization summary:
---------------------------

Selected Device : 3s200ft256-4 

 Number of Slices:                       5  out of   1920     0%  
 Number of 4 input LUTs:                 9  out of   3840     0%  


=========================================================================
TIMING REPORT

NOTE: THESE TIMING NUMBERS ARE ONLY A SYNTHESIS ESTIMATE.
      FOR ACCURATE TIMING INFORMATION PLEASE REFER TO THE TRACE REPORT
      GENERATED AFTER PLACE-and-ROUTE.

Clock Information:
------------------
No clock signals found in this design

Timing Summary:
---------------
Speed Grade: -4

   Minimum period: No path found
   Minimum input arrival time before clock: No path found
   Maximum output required time after clock: No path found
   Maximum combinational path delay: 0.890ns

Timing Detail:
--------------
All values displayed in nanoseconds (ns)

=========================================================================
Timing constraint: Default path analysis
  Total number of paths / destination ports: 39 / 13
-------------------------------------------------------------------------
Delay:               0.890ns (Levels of Logic = 1)
  Source:            sel<1> (PAD)
  Destination:       LHS<6> (PAD)

  Data Path: sel<1> to LHS<6>
                                Gate     Net
    Cell:in->out      fanout   Delay   Delay  Logical Name (Net Name)
    ----------------------------------------  ------------
     LUT3:I0->O            0   0.551   0.000  Mrom_data_Mrom__n00003 (RHS<3>)
    ----------------------------------------
    Total                      0.890ns (0.890ns logic, 0.000ns route)
                                       (100.0% logic, 0.0% route)

=========================================================================
CPU : 0.95 / 0.97 s | Elapsed : 1.00 / 1.00 s
 
--> 


Total memory usage is 90728 kilobytes

Number of errors   :    0 (   0 filtered)
Number of warnings :    0 (   0 filtered)
Number of infos    :    0 (   0 filtered)

INC_DESIGN IS key_scan
XILINX PART IS xc3s200-ft256-4
Design is key_scan
removing key_scan.ngc
Release 8.1i - xst I.24
Copyright (c) 1995-2005 Xilinx, Inc.  All rights reserved.
--> 

TABLE OF CONTENTS
  1) Synthesis Options Summary
  2) HDL Compilation
  3) HDL Analysis
  4) HDL Synthesis
     4.1) HDL Synthesis Report
  5) Advanced HDL Synthesis
     5.1) Advanced HDL Synthesis Report
  6) Low Level Synthesis
  7) Final Report
     7.1) Device utilization summary
     7.2) TIMING REPORT


=========================================================================
*                      Synthesis Options Summary                        *
=========================================================================
---- Source Parameters
Input File Name                    : "key_scan_xst_incfiles"
Input Format                       : mixed

---- Target Parameters
Output File Name                   : "key_scan.ngc"
Output Format                      : NGC
Target Device                      : xc3s200-ft256-4

---- Source Options
Top Module Name                    : key_scan
Signal Encoding Algorithm          : user
FSM Encoding Algorithm             : user

---- Target Options
Add IO Buffers                     : no

---- General Options
Optimization Goal                  : Speed
Optimization Effort                : 1

=========================================================================

Setting FSM Encoding Algorithm to : user


=========================================================================
*                          HDL Compilation                              *
=========================================================================
Compiling verilog file "/cadtools5/xil_cds_design_kits/ENGLAB_12111/key_scan/functional/verilog.v" in library work
Module <key_scan> compiled
No errors in compilation
Analysis of file <"key_scan_xst_incfiles"> succeeded.
 

=========================================================================
*                            HDL Analysis                               *
=========================================================================
Analyzing top module <key_scan>.
Module <key_scan> is correct for synthesis.
 

=========================================================================
*                           HDL Synthesis                               *
=========================================================================

Synthesizing Unit <key_scan>.
    Related source file is "/cadtools5/xil_cds_design_kits/ENGLAB_12111/key_scan/functional/verilog.v".
WARNING:Xst:646 - Signal <KK<23>> is assigned but never used.
WARNING:Xst:646 - Signal <KK<17>> is assigned but never used.
WARNING:Xst:646 - Signal <KK<11>> is assigned but never used.
WARNING:Xst:646 - Signal <KK<5>> is assigned but never used.
    Found 6-bit register for signal <KeyRow>.
    Found 12-bit register for signal <KK<35:24>>.
    Found 5-bit register for signal <KK<22:18>>.
    Found 5-bit register for signal <KK<16:12>>.
    Found 5-bit register for signal <KK<10:6>>.
    Found 5-bit register for signal <KK<4:0>>.
    Summary:
	inferred  38 D-type flip-flop(s).
Unit <key_scan> synthesized.


=========================================================================
HDL Synthesis Report

Macro Statistics
# Registers                                            : 33
 1-bit register                                        : 32
 6-bit register                                        : 1

=========================================================================

=========================================================================
*                       Advanced HDL Synthesis                          *
=========================================================================


=========================================================================
Advanced HDL Synthesis Report

Macro Statistics
# Registers                                            : 38
 Flip-Flops                                            : 38

=========================================================================

=========================================================================
*                         Low Level Synthesis                           *
=========================================================================
Loading device for application Rf_Device from file '3s200.nph' in environment /opt/cadtools5/ise8.1i.

Optimizing unit <key_scan> ...

Mapping all equations...
Building and optimizing final netlist ...

=========================================================================
*                            Final Report                               *
=========================================================================
Final Results
Top Level Output File Name         : key_scan.ngc
Output Format                      : NGC
Optimization Goal                  : Speed
Keep Hierarchy                     : no

Design Statistics
# IOs                              : 45

Cell Usage :
# BELS                             : 14
#      LUT3                        : 1
#      LUT3_D                      : 5
#      LUT4                        : 6
#      LUT4_L                      : 2
# FlipFlops/Latches                : 38
#      FD                          : 6
#      FDE                         : 32
=========================================================================

Device utilization summary:
---------------------------

Selected Device : 3s200ft256-4 

 Number of Slices:                      23  out of   1920     1%  
 Number of Slice Flip Flops:            38  out of   3840     0%  
 Number of 4 input LUTs:                14  out of   3840     0%  


=========================================================================
TIMING REPORT

NOTE: THESE TIMING NUMBERS ARE ONLY A SYNTHESIS ESTIMATE.
      FOR ACCURATE TIMING INFORMATION PLEASE REFER TO THE TRACE REPORT
      GENERATED AFTER PLACE-and-ROUTE.

Clock Information:
------------------
-----------------------------------+------------------------+-------+
Clock Signal                       | Clock buffer(FF name)  | Load  |
-----------------------------------+------------------------+-------+
clk                                | NONE                   | 38    |
-----------------------------------+------------------------+-------+
INFO:Xst:2169 - HDL ADVISOR - Some clock signals were not automatically buffered by XST with BUFG/BUFR resources. Please use the buffer_type constraint in order to insert these buffers to the clock signals to help prevent skew problems.

Timing Summary:
---------------
Speed Grade: -4

   Minimum period: 5.714ns (Maximum Frequency: 175.009MHz)
   Minimum input arrival time before clock: 0.203ns
   Maximum output required time after clock: 0.720ns
   Maximum combinational path delay: No path found

Timing Detail:
--------------
All values displayed in nanoseconds (ns)

=========================================================================
Timing constraint: Default period analysis for Clock 'clk'
  Clock period: 5.714ns (frequency: 175.009MHz)
  Total number of paths / destination ports: 232 / 38
-------------------------------------------------------------------------
Delay:               5.714ns (Levels of Logic = 2)
  Source:            KeyRow_4 (FF)
  Destination:       KK_34 (FF)
  Source Clock:      clk rising
  Destination Clock: clk rising

  Data Path: KeyRow_4 to KK_34
                                Gate     Net
    Cell:in->out      fanout   Delay   Delay  Logical Name (Net Name)
    ----------------------------------------  ------------
     FD:C->Q               6   0.720   1.342  KeyRow_4 (KeyRow<4>)
     LUT4:I0->O            2   0.551   0.945  _n00011 (N2)
     LUT3_D:I2->O          6   0.551   1.003  _n00012 (_n0001)
     FDE:CE                    0.602          KK_31
    ----------------------------------------
    Total                      5.714ns (2.424ns logic, 3.290ns route)
                                       (42.4% logic, 57.6% route)

=========================================================================
Timing constraint: Default OFFSET IN BEFORE for Clock 'clk'
  Total number of paths / destination ports: 32 / 32
-------------------------------------------------------------------------
Offset:              0.203ns (Levels of Logic = 0)
  Source:            KeyCol<1> (PAD)
  Destination:       KK_34 (FF)
  Destination Clock: clk rising

  Data Path: KeyCol<1> to KK_34
                                Gate     Net
    Cell:in->out      fanout   Delay   Delay  Logical Name (Net Name)
    ----------------------------------------  ------------
     FDE:D                     0.203          KK_10
    ----------------------------------------
    Total                      0.203ns (0.203ns logic, 0.000ns route)
                                       (100.0% logic, 0.0% route)

=========================================================================
Timing constraint: Default OFFSET OUT AFTER for Clock 'clk'
  Total number of paths / destination ports: 38 / 38
-------------------------------------------------------------------------
Offset:              0.720ns (Levels of Logic = 0)
  Source:            KK_30 (FF)
  Destination:       key_row1<7> (PAD)
  Source Clock:      clk rising

  Data Path: KK_30 to key_row1<7>
                                Gate     Net
    Cell:in->out      fanout   Delay   Delay  Logical Name (Net Name)
    ----------------------------------------  ------------
     FDE:C->Q              0   0.720   0.000  KK_30 (key_row1<7>)
    ----------------------------------------
    Total                      0.720ns (0.720ns logic, 0.000ns route)
                                       (100.0% logic, 0.0% route)

=========================================================================
CPU : 1.03 / 1.04 s | Elapsed : 1.00 / 1.00 s
 
--> 


Total memory usage is 90596 kilobytes

Number of errors   :    0 (   0 filtered)
Number of warnings :    4 (   0 filtered)
Number of infos    :    1 (   0 filtered)

INC_DESIGN IS display_scan
XILINX PART IS xc3s200-ft256-4
Design is display_scan
removing display_scan.ngc
Release 8.1i - xst I.24
Copyright (c) 1995-2005 Xilinx, Inc.  All rights reserved.
--> 

TABLE OF CONTENTS
  1) Synthesis Options Summary
  2) HDL Compilation
  3) HDL Analysis
  4) HDL Synthesis
     4.1) HDL Synthesis Report
  5) Advanced HDL Synthesis
     5.1) Advanced HDL Synthesis Report
  6) Low Level Synthesis
  7) Final Report
     7.1) Device utilization summary
     7.2) TIMING REPORT


=========================================================================
*                      Synthesis Options Summary                        *
=========================================================================
---- Source Parameters
Input File Name                    : "display_scan_xst_incfiles"
Input Format                       : mixed

---- Target Parameters
Output File Name                   : "display_scan.ngc"
Output Format                      : NGC
Target Device                      : xc3s200-ft256-4

---- Source Options
Top Module Name                    : display_scan
Signal Encoding Algorithm          : user
FSM Encoding Algorithm             : user

---- Target Options
Add IO Buffers                     : no

---- General Options
Optimization Goal                  : Speed
Optimization Effort                : 1

=========================================================================

Setting FSM Encoding Algorithm to : user


=========================================================================
*                          HDL Compilation                              *
=========================================================================
Compiling verilog file "/cadtools5/xil_cds_design_kits/ENGLAB_12111/display_scan/functional/verilog.v" in library work
Module <display_scan> compiled
No errors in compilation
Analysis of file <"display_scan_xst_incfiles"> succeeded.
 

=========================================================================
*                            HDL Analysis                               *
=========================================================================
Analyzing top module <display_scan>.
WARNING:Xst:905 - "/cadtools5/xil_cds_design_kits/ENGLAB_12111/display_scan/functional/verilog.v" line 35: The signals <digit0, digit3, digit1, digit4, digit2, digit5> are missing in the sensitivity list of always block.
Module <display_scan> is correct for synthesis.
 

=========================================================================
*                           HDL Synthesis                               *
=========================================================================

Synthesizing Unit <display_scan>.
    Related source file is "/cadtools5/xil_cds_design_kits/ENGLAB_12111/display_scan/functional/verilog.v".
WARNING:Xst:1780 - Signal <value> is never used or assigned.
    Found 8-bit 4-to-1 multiplexer for signal <Bus_Segments_L>.
    Found 8-bit 4-to-1 multiplexer for signal <Bus_Segments_R>.
    Found 2-bit up counter for signal <state>.
    Summary:
	inferred   1 Counter(s).
	inferred  16 Multiplexer(s).
Unit <display_scan> synthesized.


=========================================================================
HDL Synthesis Report

Macro Statistics
# Counters                                             : 1
 2-bit up counter                                      : 1
# Multiplexers                                         : 2
 8-bit 4-to-1 multiplexer                              : 2

=========================================================================

=========================================================================
*                       Advanced HDL Synthesis                          *
=========================================================================


=========================================================================
Advanced HDL Synthesis Report

Macro Statistics
# Counters                                             : 1
 2-bit up counter                                      : 1
# Multiplexers                                         : 2
 8-bit 4-to-1 multiplexer                              : 2

=========================================================================

=========================================================================
*                         Low Level Synthesis                           *
=========================================================================
Loading device for application Rf_Device from file '3s200.nph' in environment /opt/cadtools5/ise8.1i.

Optimizing unit <display_scan> ...

Mapping all equations...
Building and optimizing final netlist ...
FlipFlop state_0 has been replicated 1 time(s)
FlipFlop state_1 has been replicated 1 time(s)

=========================================================================
*                            Final Report                               *
=========================================================================
Final Results
Top Level Output File Name         : display_scan.ngc
Output Format                      : NGC
Optimization Goal                  : Speed
Keep Hierarchy                     : no

Design Statistics
# IOs                              : 77

Cell Usage :
# BELS                             : 57
#      INV                         : 1
#      LUT2                        : 1
#      LUT2_D                      : 1
#      LUT3                        : 38
#      MUXF5                       : 16
# FlipFlops/Latches                : 4
#      FDR                         : 4
=========================================================================

Device utilization summary:
---------------------------

Selected Device : 3s200ft256-4 

 Number of Slices:                      21  out of   1920     1%  
 Number of Slice Flip Flops:             4  out of   3840     0%  
 Number of 4 input LUTs:                40  out of   3840     1%  


=========================================================================
TIMING REPORT

NOTE: THESE TIMING NUMBERS ARE ONLY A SYNTHESIS ESTIMATE.
      FOR ACCURATE TIMING INFORMATION PLEASE REFER TO THE TRACE REPORT
      GENERATED AFTER PLACE-and-ROUTE.

Clock Information:
------------------
-----------------------------------+------------------------+-------+
Clock Signal                       | Clock buffer(FF name)  | Load  |
-----------------------------------+------------------------+-------+
clk                                | NONE                   | 4     |
-----------------------------------+------------------------+-------+
INFO:Xst:2169 - HDL ADVISOR - Some clock signals were not automatically buffered by XST with BUFG/BUFR resources. Please use the buffer_type constraint in order to insert these buffers to the clock signals to help prevent skew problems.

Timing Summary:
---------------
Speed Grade: -4

   Minimum period: 4.354ns (Maximum Frequency: 229.674MHz)
   Minimum input arrival time before clock: No path found
   Maximum output required time after clock: 3.869ns
   Maximum combinational path delay: 1.106ns

Timing Detail:
--------------
All values displayed in nanoseconds (ns)

=========================================================================
Timing constraint: Default period analysis for Clock 'clk'
  Clock period: 4.354ns (frequency: 229.674MHz)
  Total number of paths / destination ports: 14 / 8
-------------------------------------------------------------------------
Delay:               4.354ns (Levels of Logic = 1)
  Source:            state_0_1 (FF)
  Destination:       state_0 (FF)
  Source Clock:      clk rising
  Destination Clock: clk rising

  Data Path: state_0_1 to state_0
                                Gate     Net
    Cell:in->out      fanout   Delay   Delay  Logical Name (Net Name)
    ----------------------------------------  ------------
     FDR:C->Q              1   0.720   1.140  state_0_1 (state_0_1)
     LUT2:I0->O            4   0.551   0.917  _n00001 (_n0000)
     FDR:R                     1.026          state_0
    ----------------------------------------
    Total                      4.354ns (2.297ns logic, 2.057ns route)
                                       (52.8% logic, 47.2% route)

=========================================================================
Timing constraint: Default OFFSET OUT AFTER for Clock 'clk'
  Total number of paths / destination ports: 60 / 22
-------------------------------------------------------------------------
Offset:              3.869ns (Levels of Logic = 2)
  Source:            state_0 (FF)
  Destination:       Bus_Segments_L<7> (PAD)
  Source Clock:      clk rising

  Data Path: state_0 to Bus_Segments_L<7>
                                Gate     Net
    Cell:in->out      fanout   Delay   Delay  Logical Name (Net Name)
    ----------------------------------------  ------------
     FDR:C->Q             40   0.720   2.238  state_0 (state_0)
     LUT3:I0->O            1   0.551   0.000  Bus_Segments_L<3>111_F (N87)
     MUXF5:I0->O           0   0.360   0.000  Bus_Segments_L<3>111 (Bus_Segments_L<3>)
    ----------------------------------------
    Total                      3.869ns (1.631ns logic, 2.238ns route)
                                       (42.2% logic, 57.8% route)

=========================================================================
Timing constraint: Default path analysis
  Total number of paths / destination ports: 70 / 22
-------------------------------------------------------------------------
Delay:               1.106ns (Levels of Logic = 2)
  Source:            digit3<7> (PAD)
  Destination:       Bus_Segments_L<7> (PAD)

  Data Path: digit3<7> to Bus_Segments_L<7>
                                Gate     Net
    Cell:in->out      fanout   Delay   Delay  Logical Name (Net Name)
    ----------------------------------------  ------------
     LUT3:I1->O            1   0.551   0.000  Bus_Segments_L<7>111_F (N95)
     MUXF5:I0->O           0   0.360   0.000  Bus_Segments_L<7>111 (Bus_Segments_L<7>)
    ----------------------------------------
    Total                      1.106ns (1.106ns logic, 0.000ns route)
                                       (100.0% logic, 0.0% route)

=========================================================================
CPU : 1.04 / 1.06 s | Elapsed : 1.00 / 1.00 s
 
--> 


Total memory usage is 90616 kilobytes

Number of errors   :    0 (   0 filtered)
Number of warnings :    2 (   0 filtered)
Number of infos    :    1 (   0 filtered)

XILINX PART IS xc3s200-ft256-4
Design is MU0_system
Release 8.1i - ngdbuild I.24
Copyright (c) 1995-2005 Xilinx, Inc.  All rights reserved.

Command Line: ngdbuild -sd /tmp -dd _ngo -aul -nt timestamp -p xc3s200-ft256-4
MU0_system 

Executing edif2ngd -aul "MU0_system.edn" "_ngo/MU0_system.ngo"
Release 8.1i - edif2ngd I.24
Copyright (c) 1995-2005 Xilinx, Inc.  All rights reserved.
INFO:NgdBuild - Release 8.1i edif2ngd I.24
INFO:NgdBuild - Copyright (c) 1995-2005 Xilinx, Inc.  All rights reserved.
Adding pads to all top level port signals...
Writing module to "_ngo/MU0_system.ngo"...
Reading NGO file
'/home/mbax3jp2/Cadence/COMP12111/xilinx_compile/_ngo/MU0_system.ngo' ...
Loading design module
"/home/mbax3jp2/Cadence/COMP12111/xilinx_compile/enc_8_3.ngc"...
Loading design module
"/home/mbax3jp2/Cadence/COMP12111/xilinx_compile/mux_2to1_16bit.ngc"...
Loading design module
"/home/mbax3jp2/Cadence/COMP12111/xilinx_compile/mux_2to1_12bit.ngc"...
Loading design module
"/home/mbax3jp2/Cadence/COMP12111/xilinx_compile/display_ID.ngc"...
Loading design module
"/home/mbax3jp2/Cadence/COMP12111/xilinx_compile/display_scan.ngc"...
Loading design module
"/home/mbax3jp2/Cadence/COMP12111/xilinx_compile/key_scan.ngc"...
Loading design module
"/home/mbax3jp2/Cadence/COMP12111/xilinx_compile/memory_2.ngc"...
INFO:NgdBuild:889 - Pad net 'I1/I3/net061' is not connected to an external port
   in this design.  A new port 'I1/I3/net061' has been added and is connected to
   this signal.
INFO:NgdBuild:889 - Pad net 'I1/I3/net049' is not connected to an external port
   in this design.  A new port 'I1/I3/net049' has been added and is connected to
   this signal.
INFO:NgdBuild:889 - Pad net 'I1/I3/net063' is not connected to an external port
   in this design.  A new port 'I1/I3/net063' has been added and is connected to
   this signal.
INFO:NgdBuild:889 - Pad net 'I1/I3/net051' is not connected to an external port
   in this design.  A new port 'I1/I3/net051' has been added and is connected to
   this signal.
INFO:NgdBuild:889 - Pad net 'I1/I3/net057' is not connected to an external port
   in this design.  A new port 'I1/I3/net057' has been added and is connected to
   this signal.
INFO:NgdBuild:889 - Pad net 'I1/I3/net047' is not connected to an external port
   in this design.  A new port 'I1/I3/net047' has been added and is connected to
   this signal.
INFO:NgdBuild:889 - Pad net 'I1/I3/net065' is not connected to an external port
   in this design.  A new port 'I1/I3/net065' has been added and is connected to
   this signal.
INFO:NgdBuild:889 - Pad net 'I1/I3/net4' is not connected to an external port in
   this design.  A new port 'I1/I3/net4' has been added and is connected to this
   signal.
INFO:NgdBuild:889 - Pad net 'I1/I3/net059' is not connected to an external port
   in this design.  A new port 'I1/I3/net059' has been added and is connected to
   this signal.
INFO:NgdBuild:889 - Pad net 'I1/I3/net053' is not connected to an external port
   in this design.  A new port 'I1/I3/net053' has been added and is connected to
   this signal.
INFO:NgdBuild:889 - Pad net 'I1/I3/net055' is not connected to an external port
   in this design.  A new port 'I1/I3/net055' has been added and is connected to
   this signal.
INFO:NgdBuild:889 - Pad net 'I1/I5/net15' is not connected to an external port
   in this design.  A new port 'I1/I5/net15' has been added and is connected to
   this signal.
INFO:NgdBuild:889 - Pad net 'I1/I5/net9' is not connected to an external port in
   this design.  A new port 'I1/I5/net9' has been added and is connected to this
   signal.
INFO:NgdBuild:889 - Pad net 'I1/I5/net17' is not connected to an external port
   in this design.  A new port 'I1/I5/net17' has been added and is connected to
   this signal.
INFO:NgdBuild:889 - Pad net 'I1/I5/net13' is not connected to an external port
   in this design.  A new port 'I1/I5/net13' has been added and is connected to
   this signal.
INFO:NgdBuild:889 - Pad net 'I1/I5/net11' is not connected to an external port
   in this design.  A new port 'I1/I5/net11' has been added and is connected to
   this signal.
INFO:NgdBuild:889 - Pad net 'I1/I5/net7' is not connected to an external port in
   this design.  A new port 'I1/I5/net7' has been added and is connected to this
   signal.
INFO:NgdBuild:889 - Pad net 'I1/I0/net16' is not connected to an external port
   in this design.  A new port 'I1/I0/net16' has been added and is connected to
   this signal.
INFO:NgdBuild:889 - Pad net 'I1/I0/net22' is not connected to an external port
   in this design.  A new port 'I1/I0/net22' has been added and is connected to
   this signal.
INFO:NgdBuild:889 - Pad net 'I1/I0/net14' is not connected to an external port
   in this design.  A new port 'I1/I0/net14' has been added and is connected to
   this signal.
INFO:NgdBuild:889 - Pad net 'I1/I0/net18' is not connected to an external port
   in this design.  A new port 'I1/I0/net18' has been added and is connected to
   this signal.
INFO:NgdBuild:889 - Pad net 'I1/I0/net10' is not connected to an external port
   in this design.  A new port 'I1/I0/net10' has been added and is connected to
   this signal.
INFO:NgdBuild:889 - Pad net 'I1/I0/net20' is not connected to an external port
   in this design.  A new port 'I1/I0/net20' has been added and is connected to
   this signal.
INFO:NgdBuild:889 - Pad net 'I1/I0/net12' is not connected to an external port
   in this design.  A new port 'I1/I0/net12' has been added and is connected to
   this signal.
INFO:NgdBuild:889 - Pad net 'I1/I0/net24' is not connected to an external port
   in this design.  A new port 'I1/I0/net24' has been added and is connected to
   this signal.
INFO:NgdBuild:889 - Pad net 'I1/I1/net24' is not connected to an external port
   in this design.  A new port 'I1/I1/net24' has been added and is connected to
   this signal.
INFO:NgdBuild:889 - Pad net 'I1/I2/I0/net11' is not connected to an external
   port in this design.  A new port 'I1/I2/I0/net11' has been added and is
   connected to this signal.
INFO:NgdBuild:889 - Pad net 'I1/I2/I0/net30' is not connected to an external
   port in this design.  A new port 'I1/I2/I0/net30' has been added and is
   connected to this signal.
INFO:NgdBuild:889 - Pad net 'I1/I2/I0/net31' is not connected to an external
   port in this design.  A new port 'I1/I2/I0/net31' has been added and is
   connected to this signal.
INFO:NgdBuild:889 - Pad net 'I1/I2/I0/net13' is not connected to an external
   port in this design.  A new port 'I1/I2/I0/net13' has been added and is
   connected to this signal.
INFO:NgdBuild:889 - Pad net 'I1/I2/I0/net9' is not connected to an external port
   in this design.  A new port 'I1/I2/I0/net9' has been added and is connected
   to this signal.
INFO:NgdBuild:889 - Pad net 'I1/I2/I0/net27' is not connected to an external
   port in this design.  A new port 'I1/I2/I0/net27' has been added and is
   connected to this signal.
INFO:NgdBuild:889 - Pad net 'I1/I2/I0/net29' is not connected to an external
   port in this design.  A new port 'I1/I2/I0/net29' has been added and is
   connected to this signal.
INFO:NgdBuild:889 - Pad net 'I1/I2/I0/net7' is not connected to an external port
   in this design.  A new port 'I1/I2/I0/net7' has been added and is connected
   to this signal.
INFO:NgdBuild:889 - Pad net 'I1/I2/I0/net5' is not connected to an external port
   in this design.  A new port 'I1/I2/I0/net5' has been added and is connected
   to this signal.
INFO:NgdBuild:889 - Pad net 'I1/I2/I0/net32' is not connected to an external
   port in this design.  A new port 'I1/I2/I0/net32' has been added and is
   connected to this signal.
INFO:NgdBuild:889 - Pad net 'I1/I2/I0/net28' is not connected to an external
   port in this design.  A new port 'I1/I2/I0/net28' has been added and is
   connected to this signal.
INFO:NgdBuild:889 - Pad net 'I1/I2/I0/net3' is not connected to an external port
   in this design.  A new port 'I1/I2/I0/net3' has been added and is connected
   to this signal.
INFO:NgdBuild:889 - Pad net 'I1/I4/net049' is not connected to an external port
   in this design.  A new port 'I1/I4/net049' has been added and is connected to
   this signal.
INFO:NgdBuild:889 - Pad net 'I1/I4/net063' is not connected to an external port
   in this design.  A new port 'I1/I4/net063' has been added and is connected to
   this signal.
INFO:NgdBuild:889 - Pad net 'I1/I4/net051' is not connected to an external port
   in this design.  A new port 'I1/I4/net051' has been added and is connected to
   this signal.
INFO:NgdBuild:889 - Pad net 'I1/I4/net053' is not connected to an external port
   in this design.  A new port 'I1/I4/net053' has been added and is connected to
   this signal.
INFO:NgdBuild:889 - Pad net 'I1/I4/net057' is not connected to an external port
   in this design.  A new port 'I1/I4/net057' has been added and is connected to
   this signal.
INFO:NgdBuild:889 - Pad net 'I1/I4/net047' is not connected to an external port
   in this design.  A new port 'I1/I4/net047' has been added and is connected to
   this signal.
INFO:NgdBuild:889 - Pad net 'I1/I4/net065' is not connected to an external port
   in this design.  A new port 'I1/I4/net065' has been added and is connected to
   this signal.
INFO:NgdBuild:889 - Pad net 'I1/I4/net061' is not connected to an external port
   in this design.  A new port 'I1/I4/net061' has been added and is connected to
   this signal.
INFO:NgdBuild:889 - Pad net 'I1/I4/net4' is not connected to an external port in
   this design.  A new port 'I1/I4/net4' has been added and is connected to this
   signal.
INFO:NgdBuild:889 - Pad net 'I1/I4/net059' is not connected to an external port
   in this design.  A new port 'I1/I4/net059' has been added and is connected to
   this signal.
INFO:NgdBuild:889 - Pad net 'I1/I4/net055' is not connected to an external port
   in this design.  A new port 'I1/I4/net055' has been added and is connected to
   this signal.

Checking timing specifications ...
Checking expanded design ...
WARNING:NgdBuild:478 - clock net net134 with clock driver I1/I1/I21 drives no
   clock pins

NGDBUILD Design Results Summary:
  Number of errors:     0
  Number of warnings:   1

Writing NGD file "MU0_system.ngd" ...

Writing NGDBUILD log file "MU0_system.bld"...

NGDBUILD done.
Release 8.1i - Map I.24
Copyright (c) 1995-2005 Xilinx, Inc.  All rights reserved.
Using target part "3s200ft256-4".
Mapping design into LUTs...
Writing file MU0_system.ngm...
Running directed packing...
Running delay-based LUT packing...
Running related packing...
Writing design file "MU0_system.ncd"...

Design Summary:
Number of errors:      0
Number of warnings:    8
Logic Utilization:
  Total Number Slice Registers:       157 out of   3,840    4%
    Number used as Flip Flops:                   154
    Number used as Latches:                        3
  Number of 4 input LUTs:             417 out of   3,840   10%
Logic Distribution:
  Number of occupied Slices:                          278 out of   1,920   14%
    Number of Slices containing only related logic:     278 out of     278  100%
    Number of Slices containing unrelated logic:          0 out of     278    0%
      *See NOTES below for an explanation of the effects of unrelated logic
Total Number 4 input LUTs:            418 out of   3,840   10%
  Number used as logic:                417
  Number used as a route-thru:           1
  Number of bonded IOBs:               49 out of     173   28%
    IOB Flip Flops:                     6
  Number of Block RAMs:                4 out of      12   33%
  Number of GCLKs:                     1 out of       8   12%

Total equivalent gate count for design:  265,992
Additional JTAG gate count for IOBs:  2,352
Peak Memory Usage:  133 MB

NOTES:

   Related logic is defined as being logic that shares connectivity - e.g. two
   LUTs are "related" if they share common inputs.  When assembling slices,
   Map gives priority to combine logic that is related.  Doing so results in
   the best timing performance.

   Unrelated logic shares no connectivity.  Map will only begin packing
   unrelated logic into a slice once 99% of the slices are occupied through
   related logic packing.

   Note that once logic distribution reaches the 99% level through related
   logic packing, this does not mean the device is completely utilized.
   Unrelated logic packing will then begin, continuing until all usable LUTs
   and FFs are occupied.  Depending on your timing budget, increased levels of
   unrelated logic packing may adversely affect the overall timing performance
   of your design.

Mapping completed.
See MAP report file "MU0_system.mrp" for details.
Release 8.1i - par I.24
Copyright (c) 1995-2005 Xilinx, Inc.  All rights reserved.



Constraints file: MU0_system.pcf.
Loading device for application Rf_Device from file '3s200.nph' in environment /opt/cadtools5/ise8.1i.
   "MU0_system" is an NCD, version 3.1, device xc3s200, package ft256, speed -4

Initializing temperature to 85.000 Celsius. (default - Range: 0.000 to 85.000 Celsius)
Initializing voltage to 1.140 Volts. (default - Range: 1.140 to 1.260 Volts)

INFO:Par:282 - No user timing constraints were detected or you have set the option to ignore timing constraints ("par
   -x"). Place and Route will run in "Performance Evaluation Mode" to automatically improve the performance of all
   internal clocks in this design. The PAR timing summary will list the performance achieved for each clock. Note: For
   the fastest runtime, set the effort level to "std".  For best performance, set the effort level to "high". For a
   balance between the fastest runtime and best performance, set the effort level to "med".

Device speed data version:  "PRODUCTION 1.37 2005-11-04".


Device Utilization Summary:

   Number of BUFGMUXs                  1 out of 8      12%
   Number of External IOBs            49 out of 173    28%
      Number of LOCed IOBs            49 out of 49    100%

   Number of RAMB16s                   4 out of 12     33%
   Number of Slices                  278 out of 1920   14%
      Number of SLICEMs                0 out of 960     0%



Overall effort level (-ol):   Standard 
Placer effort level (-pl):    High 
Placer cost table entry (-t): 1
Router effort level (-rl):    Standard 

WARNING:Par:276 - The signal net134 has no load
WARNING:Par:276 - The signal Processor/Datapath/I0/net013 has no load
WARNING:Par:276 - The signal Inputs/net153 has no load
WARNING:Par:276 - The signal net85 has no load
WARNING:Par:276 - The signal Inputs/I8/net49 has no load

Starting Placer

Phase 1.1
Phase 1.1 (Checksum:989baf) REAL time: 1 secs 

Phase 2.31
Phase 2.31 (Checksum:1312cfe) REAL time: 1 secs 

Phase 3.2
.


Phase 3.2 (Checksum:1c9c37d) REAL time: 1 secs 

Phase 4.8
................................................................................................................
...
.........................................................................................
...
...
..................................................
Phase 4.8 (Checksum:a9aa9f) REAL time: 2 secs 

Phase 5.5
Phase 5.5 (Checksum:2faf07b) REAL time: 2 secs 

Phase 6.18
Phase 6.18 (Checksum:39386fa) REAL time: 3 secs 

Phase 7.5
Phase 7.5 (Checksum:42c1d79) REAL time: 3 secs 

Writing design to file MU0_system.ncd


Total REAL time to Placer completion: 3 secs 
Total CPU time to Placer completion: 3 secs 

Starting Router

Phase 1: 1976 unrouted;       REAL time: 3 secs 

Phase 2: 1845 unrouted;       REAL time: 3 secs 

Phase 3: 738 unrouted;       REAL time: 3 secs 

Phase 4: 738 unrouted; (116417)      REAL time: 3 secs 

Phase 5: 741 unrouted; (0)      REAL time: 4 secs 

Phase 6: 0 unrouted; (0)      REAL time: 4 secs 

Phase 7: 0 unrouted; (0)      REAL time: 4 secs 

WARNING:Route:447 - CLK Net:I1/I1/net25 may have excessive skew because 
   11 CLK pins failed to route using a CLK template.
WARNING:Route:447 - CLK Net:Clk_1kHz may have excessive skew because 
   1 NON-CLK pins failed to route using a CLK template.

Total REAL time to Router completion: 4 secs 
Total CPU time to Router completion: 4 secs 

Generating "PAR" statistics.

**************************
Generating Clock Report
**************************

+---------------------+--------------+------+------+------------+-------------+
|        Clock Net    |   Resource   |Locked|Fanout|Net Skew(ns)|Max Delay(ns)|
+---------------------+--------------+------+------+------------+-------------+
|            Clk_1kHz |         Local|      |   72 |  0.256     |  2.846      |
+---------------------+--------------+------+------+------------+-------------+
|         I1/I1/net25 |         Local|      |   12 |  0.722     |  1.878      |
+---------------------+--------------+------+------+------------+-------------+
|       Inputs/net246 |         Local|      |   47 |  0.121     |  2.758      |
+---------------------+--------------+------+------+------------+-------------+
|       Inputs/net190 |         Local|      |    3 |  0.009     |  1.518      |
+---------------------+--------------+------+------+------------+-------------+

* Net Skew is the difference between the minimum and maximum routing
only delays for the net. Note this is different from Clock Skew which
is reported in TRCE timing report. Clock Skew is the difference between
the minimum and maximum path delays which includes logic delays.

Timing Score: 0

Asterisk (*) preceding a constraint indicates it was not met.
   This may be due to a setup or hold violation.

------------------------------------------------------------------------------------------------------
  Constraint                                | Requested  | Actual     | Logic  | Absolute   |Number of  
                                            |            |            | Levels | Slack      |errors     
------------------------------------------------------------------------------------------------------
  Autotimespec constraint for clock net Clk | N/A        | 12.634ns   | 0      | N/A        | N/A       
  _1kHz                                     |            |            |        |            |           
------------------------------------------------------------------------------------------------------
  Autotimespec constraint for clock net I1/ | N/A        | 5.663ns    | 3      | N/A        | N/A       
  I1/net25                                  |            |            |        |            |           
------------------------------------------------------------------------------------------------------
  Autotimespec constraint for clock net Inp | N/A        | 38.788ns   | 19     | N/A        | N/A       
  uts/net246                                |            |            |        |            |           
------------------------------------------------------------------------------------------------------


All constraints were met.
INFO:Timing:2761 - N/A entries in the Constraints list may indicate that the
   constraint does not cover any paths or that it has no requested value.
Generating Pad Report.

All signals are completely routed.

WARNING:Par:284 - There are 5 sourceless or loadless signals in this design.

Total REAL time to PAR completion: 4 secs 
Total CPU time to PAR completion: 4 secs 

Peak Memory Usage:  115 MB

Placement: Completed - No errors found.
Routing: Completed - No errors found.

Number of error messages: 0
Number of warning messages: 8
Number of info messages: 1

Writing design to file MU0_system.ncd



PAR done!
Release 8.1i - Bitgen I.24
Copyright (c) 1995-2005 Xilinx, Inc.  All rights reserved.
Loading device for application Rf_Device from file '3s200.nph' in environment
/opt/cadtools5/ise8.1i.
   "MU0_system" is an NCD, version 3.1, device xc3s200, package ft256, speed -4
Opened constraints file MU0_system.pcf.

Thu Dec 12 15:36:26 2013

Running DRC.
WARNING:PhysDesignRules:372 - Gated clock. Clock net Inputs/net190 is sourced by
   a combinatorial pin. This is not good design practice. Use the CE pin to
   control the loading of data into the flip-flop.
WARNING:PhysDesignRules:367 - The signal <net134> is incomplete. The signal does
   not drive any load pins in the design.
WARNING:PhysDesignRules:367 - The signal <Processor/Datapath/I0/net013> is
   incomplete. The signal does not drive any load pins in the design.
WARNING:PhysDesignRules:367 - The signal <Inputs/net153> is incomplete. The
   signal does not drive any load pins in the design.
WARNING:PhysDesignRules:367 - The signal <net85> is incomplete. The signal does
   not drive any load pins in the design.
WARNING:PhysDesignRules:367 - The signal <Inputs/I8/net49> is incomplete. The
   signal does not drive any load pins in the design.
DRC detected 0 errors and 6 warnings.
Creating bit map...
Saving bit stream in "MU0_system.bit".
Bitstream generation is complete.
Done
