REPORT LOG FILE FOR CELL sevensegmentdecoder on Nov 28 15:37:38 2013
WORKING DIRECTORY IS /home/mbax3jp2/Cadence/COMP12111/xilinx_compile 
XILINX PART IS xc3s200-ft256-4
Design is sevensegmentdecoder
removing sevensegmentdecoder.ngc
INC_DESIGN IS sevensegmentdecoder
XILINX PART IS xc3s200-ft256-4
Design is sevensegmentdecoder
Release 8.1i - xst I.24
Copyright (c) 1995-2005 Xilinx, Inc.  All rights reserved.
--> 

TABLE OF CONTENTS
  1) Synthesis Options Summary
  2) HDL Compilation
  3) HDL Analysis
  4) HDL Synthesis
     4.1) HDL Synthesis Report
  5) Advanced HDL Synthesis
     5.1) Advanced HDL Synthesis Report
  6) Low Level Synthesis
  7) Final Report
     7.1) Device utilization summary
     7.2) TIMING REPORT


=========================================================================
*                      Synthesis Options Summary                        *
=========================================================================
---- Source Parameters
Input File Name                    : "sevensegmentdecoder_xst_incfiles"
Input Format                       : mixed

---- Target Parameters
Output File Name                   : "sevensegmentdecoder.ngc"
Output Format                      : NGC
Target Device                      : xc3s200-ft256-4

---- Source Options
Top Module Name                    : sevensegmentdecoder
Signal Encoding Algorithm          : user
FSM Encoding Algorithm             : user

---- Target Options
Add IO Buffers                     : no

---- General Options
Optimization Goal                  : Speed
Optimization Effort                : 1

=========================================================================

Setting FSM Encoding Algorithm to : user


=========================================================================
*                          HDL Compilation                              *
=========================================================================
Compiling verilog file "/home/mbax3jp2/Cadence/COMP12111/COMP12111/sevensegmentdecoder/functional/verilog.v" in library work
Module <sevensegmentdecoder> compiled
No errors in compilation
Analysis of file <"sevensegmentdecoder_xst_incfiles"> succeeded.
 

=========================================================================
*                            HDL Analysis                               *
=========================================================================
Analyzing top module <sevensegmentdecoder>.
Module <sevensegmentdecoder> is correct for synthesis.
 

=========================================================================
*                           HDL Synthesis                               *
=========================================================================

Synthesizing Unit <sevensegmentdecoder>.
    Related source file is "/home/mbax3jp2/Cadence/COMP12111/COMP12111/sevensegmentdecoder/functional/verilog.v".
    Found 16x8-bit ROM for signal <segments>.
    Summary:
	inferred   1 ROM(s).
Unit <sevensegmentdecoder> synthesized.


=========================================================================
HDL Synthesis Report

Macro Statistics
# ROMs                                                 : 1
 16x8-bit ROM                                          : 1

=========================================================================

=========================================================================
*                       Advanced HDL Synthesis                          *
=========================================================================


=========================================================================
Advanced HDL Synthesis Report

Macro Statistics
# ROMs                                                 : 1
 16x8-bit ROM                                          : 1

=========================================================================

=========================================================================
*                         Low Level Synthesis                           *
=========================================================================
Loading device for application Rf_Device from file '3s200.nph' in environment /opt/cadtools5/ise8.1i.

Optimizing unit <sevensegmentdecoder> ...

Mapping all equations...
Building and optimizing final netlist ...

=========================================================================
*                            Final Report                               *
=========================================================================
Final Results
Top Level Output File Name         : sevensegmentdecoder.ngc
Output Format                      : NGC
Optimization Goal                  : Speed
Keep Hierarchy                     : no

Design Statistics
# IOs                              : 12

Cell Usage :
# BELS                             : 8
#      GND                         : 1
#      LUT4                        : 7
=========================================================================

Device utilization summary:
---------------------------

Selected Device : 3s200ft256-4 

 Number of Slices:                       4  out of   1920     0%  
 Number of 4 input LUTs:                 7  out of   3840     0%  


=========================================================================
TIMING REPORT

NOTE: THESE TIMING NUMBERS ARE ONLY A SYNTHESIS ESTIMATE.
      FOR ACCURATE TIMING INFORMATION PLEASE REFER TO THE TRACE REPORT
      GENERATED AFTER PLACE-and-ROUTE.

Clock Information:
------------------
No clock signals found in this design

Timing Summary:
---------------
Speed Grade: -4

   Minimum period: No path found
   Minimum input arrival time before clock: No path found
   Maximum output required time after clock: No path found
   Maximum combinational path delay: 0.890ns

Timing Detail:
--------------
All values displayed in nanoseconds (ns)

=========================================================================
Timing constraint: Default path analysis
  Total number of paths / destination ports: 28 / 7
-------------------------------------------------------------------------
Delay:               0.890ns (Levels of Logic = 1)
  Source:            bcd<2> (PAD)
  Destination:       segments<6> (PAD)

  Data Path: bcd<2> to segments<6>
                                Gate     Net
    Cell:in->out      fanout   Delay   Delay  Logical Name (Net Name)
    ----------------------------------------  ------------
     LUT4:I0->O            0   0.551   0.000  Mrom_data_Mrom_segments6 (segments<6>)
    ----------------------------------------
    Total                      0.890ns (0.890ns logic, 0.000ns route)
                                       (100.0% logic, 0.0% route)

=========================================================================
CPU : 0.96 / 0.98 s | Elapsed : 1.00 / 1.00 s
 
--> 


Total memory usage is 90700 kilobytes

Number of errors   :    0 (   0 filtered)
Number of warnings :    0 (   0 filtered)
Number of infos    :    0 (   0 filtered)

XILINX PART IS xc3s200-ft256-4
Design is sevensegmentdecoder
removing sevensegmentdecoder.ngc
Release 8.1i - ngdbuild I.24
Copyright (c) 1995-2005 Xilinx, Inc.  All rights reserved.

Command Line: ngdbuild -sd /tmp -dd _ngo -aul -nt timestamp -p xc3s200-ft256-4
sevensegmentdecoder 

ERROR:NgdBuild:28 - Top-level input design file "sevensegmentdecoder.ngo" cannot
   be found or created. Please make sure the source file exists and is of a
   recognized netlist format (e.g., ngo, ngc, edif, edn, or edf).

Writing NGDBUILD log file "sevensegmentdecoder.bld"...
Ngdbuild failed
Done
