\o Program:		@(#)$CDS: libManager version 32.10 06/27/2012 10:34 (cat91amd) $
\o Sub version:		sub-version  s009 
\o Arguments:		-unmapped -mpssession virtuoso20094 -mpshost E-C07KILF1630 
\o Working Directory:	E-C07KILF1630:/home/mbax3jp2/Cadence/COMP12111
\o 64-bit offsets
\o Qt version: 		4.5.3
\o changeWorkingDir("/home/mbax3jp2/Cadence/COMP12111") unnecessary.
\o ddSetForcedLib("") unnecessary.
\o Log file is "/home/mbax3jp2/Cadence/COMP12111/libManager.log".
\o Opening libManager window.
\a nrSetWindowVisibility(cdsLibManager "show")
\o MPS service: map window
\a nrSetCurrentWindow(cdsLibManager)
\o Library Manager customization server connected.
\a nrResizeWindow(cdsLibManager list(210 182 770 738))
\a cdsLibManager->libListBox->value = "MU0_lib"
\a cdsLibManager->libLineEdit->value = "MU0_lib"
\a cdsLibManager->cellListBox->value = "MU0_system"
\a cdsLibManager->viewListBox->value = "schematic"
\a cdsLibManager->viewLineEdit->value = "schematic"
\a cdsLibManager->cellLineEdit->value = "MU0_system"
\a cdsLibManager->viewListBox->value = nil
\a cdsLibManager->viewListBox->value = "schematic"
\o MPS request: edit design
\a nrListItemAction(cdsLibManager->gdmXTView 0 0)
\a cdsLibManager->libListBox->value = nil
\a cdsLibManager->cellListBox->value = nil
\a cdsLibManager->viewLineEdit->value = ""
\a cdsLibManager->viewListBox->value = nil
\a cdsLibManager->cellLineEdit->value = ""
\a cdsLibManager->libLineEdit->value = ""
\a cdsLibManager->libListBox->value = "MU0_lib"
\a cdsLibManager->libLineEdit->value = "MU0_lib"
\a cdsLibManager->cellListBox->value = "MU0_system"
\a cdsLibManager->cellLineEdit->value = "MU0_system"
\a cdsLibManager->viewListBox->value = "schematic"
\a cdsLibManager->viewLineEdit->value = "schematic"
\a cdsLibManager->viewLineEdit->value = ""
\a cdsLibManager->viewListBox->value = nil
\a cdsLibManager->viewListBox->value = "schematic"
\a cdsLibManager->viewLineEdit->value = "schematic"
\a nrResizeWindow(cdsLibManager list(24 86 770 738))
\a nrSetCurrentWindow(cdsLibManager)
\a nrSetWindowVisibility(cdsLibManager "hide")
\o libManager is exiting.
\a exit(0)
