00000000: F001  ;         bal Main
00000001:       ; 
00000001: 0000  ; counter defw 0
00000002:       ; 
00000002:       ; 
00000002: 16E1  ; Main:     add r6, PC, #1; save LR
00000003: F004  ;                                         bal IncrCount ; call IncrCount
00000004:       ;                                         
00000004: F0FD  ;                                         bal Main ; call IncrCount
00000005:       ; 
00000005: F000  ;                                         bal Stop;stop
00000006:       ; 
00000006: D81F  ; Stop:     st r0, [r0, #-1]; STOP PLZ
00000007: F0FE  ;                                         bal Stop        ; loop indef
00000008:       ; 
00000008:       ; ;LR= R6
00000008: D1F8  ; IncrCount:ld r1, counter   ;load count
00000009: 1121  ;                                         add r1, r1, #1   ;incr
0000000A: D9F6  ;                                         st r1, counter   ;store count+1
0000000B: 07C0  ;                                         add PC, r6, r0   ;return
0000000C:       ;   
00000821:       ; org 0x0821
00000821: 0048  ;   data 0x0048;H
00000822: 0065  ;   data 0x0065;e
00000823: 006C  ;   data 0x006C;l
00000824: 006C  ;   data 0x006C;l
00000825: 006F  ;   data 0x006F;o
00000826:       ; 
00000826: 0010  ;   data 0x0010;_
00000827:       ; 
00000827: 0057  ;   data 0x0057;W
00000828: 006F  ;   data 0x006F;o
00000829: 0072  ;   data 0x0072;r
0000082A: 006C  ;   data 0x006C;l
0000082B: 0064  ;   data 0x0064;d
0000082C:       ;  
0000082C: 0010  ;   data 0x0010 
0000082D:       ; d100:
0000082D: 0030  ;   data 0x0030 
0000082E:       ; d10:
0000082E: 0030  ;   data 0x0030 
0000082F:       ; d1:
0000082F: 0030  ;   data 0x0030 
00000830:       ; 
00000830:       ; 
00000830:       ; 
00000834:       ; org 0x0834
00000834: 004A  ;   data 0x004A;J
00000835: 0057  ;   data 0x0057;W
00000836: 0050  ;   data 0x0050;P
00000837:       ; 
0000083C:       ; org 0x083c
0000083C: 0032  ;   data 0x0032;2
0000083D: 0030  ;   data 0x0030;0
0000083E: 0031  ;   data 0x0031;1
0000083F: 0034  ;   data 0x0034;4
00000840:       ; 
