

*******************************************************************************
Tue Nov 11 10:14:02 2014


FIT:    data read from "data.dat" using 1:2
        #datapoints = 8
        residuals are weighted equally (unit weight)

function used for fitting: f(x)
fitted parameters initialized with current variable values



 Iteration 0
 WSSR        : 2.61715e+16       delta(WSSR)/WSSR   : 0
 delta(WSSR) : 0                 limit for stopping : 1e-05
 lambda	  : 5.71965e+07

initial set of free parameter values

a               = 1

After 5 iterations the fit converged.
final sum of squares of residuals : 0.00133379
rel. change during last iteration : -9.23751e-13

degrees of freedom    (FIT_NDF)                        : 7
rms of residuals      (FIT_STDFIT) = sqrt(WSSR/ndf)    : 0.0138037
variance of residuals (reduced chisquare) = WSSR/ndf   : 0.000190541

Final set of parameters            Asymptotic Standard Error
=======================            ==========================

a               = 2.40108e-08      +/- 8.533e-11    (0.3554%)


correlation matrix of the fit parameters:

               a      
a               1.000 


*******************************************************************************
Tue Nov 11 11:15:17 2014


FIT:    data read from "data.dat" using 1:2
        #datapoints = 8
        residuals are weighted equally (unit weight)

function used for fitting: f(x)
fitted parameters initialized with current variable values



 Iteration 0
 WSSR        : 2.61715e+16       delta(WSSR)/WSSR   : 0
 delta(WSSR) : 0                 limit for stopping : 1e-05
 lambda	  : 5.71965e+07

initial set of free parameter values

a               = 1

After 5 iterations the fit converged.
final sum of squares of residuals : 0.00133379
rel. change during last iteration : -9.23751e-13

degrees of freedom    (FIT_NDF)                        : 7
rms of residuals      (FIT_STDFIT) = sqrt(WSSR/ndf)    : 0.0138037
variance of residuals (reduced chisquare) = WSSR/ndf   : 0.000190541

Final set of parameters            Asymptotic Standard Error
=======================            ==========================

a               = 2.40108e-08      +/- 8.533e-11    (0.3554%)


correlation matrix of the fit parameters:

               a      
a               1.000 


*******************************************************************************
Tue Nov 11 11:19:27 2014


FIT:    data read from "data.dat" using 1:2
        #datapoints = 8
        residuals are weighted equally (unit weight)

function used for fitting: f(x)
fitted parameters initialized with current variable values



 Iteration 0
 WSSR        : 2.61715e+16       delta(WSSR)/WSSR   : 0
 delta(WSSR) : 0                 limit for stopping : 1e-05
 lambda	  : 5.71965e+07

initial set of free parameter values

a               = 1

After 5 iterations the fit converged.
final sum of squares of residuals : 0.00133379
rel. change during last iteration : -9.23751e-13

degrees of freedom    (FIT_NDF)                        : 7
rms of residuals      (FIT_STDFIT) = sqrt(WSSR/ndf)    : 0.0138037
variance of residuals (reduced chisquare) = WSSR/ndf   : 0.000190541

Final set of parameters            Asymptotic Standard Error
=======================            ==========================

a               = 2.40108e-08      +/- 8.533e-11    (0.3554%)


correlation matrix of the fit parameters:

               a      
a               1.000 


*******************************************************************************
Tue Nov 11 11:35:39 2014


FIT:    data read from "data.dat" using 1:2
        #datapoints = 8
        residuals are weighted equally (unit weight)

function used for fitting: f(x)
fitted parameters initialized with current variable values



 Iteration 0
 WSSR        : 2.61715e+16       delta(WSSR)/WSSR   : 0
 delta(WSSR) : 0                 limit for stopping : 1e-05
 lambda	  : 5.71965e+07

initial set of free parameter values

a               = 1

After 5 iterations the fit converged.
final sum of squares of residuals : 0.00133379
rel. change during last iteration : -9.23751e-13

degrees of freedom    (FIT_NDF)                        : 7
rms of residuals      (FIT_STDFIT) = sqrt(WSSR/ndf)    : 0.0138037
variance of residuals (reduced chisquare) = WSSR/ndf   : 0.000190541

Final set of parameters            Asymptotic Standard Error
=======================            ==========================

a               = 2.40108e-08      +/- 8.533e-11    (0.3554%)


correlation matrix of the fit parameters:

               a      
a               1.000 


*******************************************************************************
Tue Nov 11 11:36:39 2014


FIT:    data read from "data.dat" using 1:2
        #datapoints = 8
        residuals are weighted equally (unit weight)

function used for fitting: f(x)
fitted parameters initialized with current variable values



 Iteration 0
 WSSR        : 2.61715e+16       delta(WSSR)/WSSR   : 0
 delta(WSSR) : 0                 limit for stopping : 1e-05
 lambda	  : 5.71965e+07

initial set of free parameter values

a               = 1

After 5 iterations the fit converged.
final sum of squares of residuals : 0.00133379
rel. change during last iteration : -9.23751e-13

degrees of freedom    (FIT_NDF)                        : 7
rms of residuals      (FIT_STDFIT) = sqrt(WSSR/ndf)    : 0.0138037
variance of residuals (reduced chisquare) = WSSR/ndf   : 0.000190541

Final set of parameters            Asymptotic Standard Error
=======================            ==========================

a               = 2.40108e-08      +/- 8.533e-11    (0.3554%)


correlation matrix of the fit parameters:

               a      
a               1.000 


*******************************************************************************
Fri Nov 14 18:45:22 2014


FIT:    data read from "data.dat" using 1:2
        #datapoints = 8
        residuals are weighted equally (unit weight)

function used for fitting: f(x)
fitted parameters initialized with current variable values



 Iteration 0
 WSSR        : 2.61715e+16       delta(WSSR)/WSSR   : 0
 delta(WSSR) : 0                 limit for stopping : 1e-05
 lambda	  : 5.71965e+07

initial set of free parameter values

a               = 1

After 5 iterations the fit converged.
final sum of squares of residuals : 0.000849939
rel. change during last iteration : -1.44503e-12

degrees of freedom    (FIT_NDF)                        : 7
rms of residuals      (FIT_STDFIT) = sqrt(WSSR/ndf)    : 0.0110191
variance of residuals (reduced chisquare) = WSSR/ndf   : 0.00012142

Final set of parameters            Asymptotic Standard Error
=======================            ==========================

a               = 9.09787e-09      +/- 6.811e-11    (0.7487%)


correlation matrix of the fit parameters:

               a      
a               1.000 


*******************************************************************************
Fri Nov 14 18:46:07 2014


FIT:    data read from "data.dat" using 1:2
        #datapoints = 8
        residuals are weighted equally (unit weight)

function used for fitting: f(x)
fitted parameters initialized with current variable values



 Iteration 0
 WSSR        : 1.90625           delta(WSSR)/WSSR   : 0
 delta(WSSR) : 0                 limit for stopping : 1e-05
 lambda	  : 3.55335e+06

initial set of free parameter values

a               = 9.09787e-09

After 4 iterations the fit converged.
final sum of squares of residuals : 8.3878e-05
rel. change during last iteration : -6.65686e-14

degrees of freedom    (FIT_NDF)                        : 7
rms of residuals      (FIT_STDFIT) = sqrt(WSSR/ndf)    : 0.00346159
variance of residuals (reduced chisquare) = WSSR/ndf   : 1.19826e-05

Final set of parameters            Asymptotic Standard Error
=======================            ==========================

a               = 1.4647e-07       +/- 3.444e-10    (0.2351%)


correlation matrix of the fit parameters:

               a      
a               1.000 


*******************************************************************************
Fri Nov 14 18:47:01 2014


FIT:    data read from "data.dat" using 1:2
        #datapoints = 8
        residuals are weighted equally (unit weight)

function used for fitting: f(x)
fitted parameters initialized with current variable values



*******************************************************************************
Fri Nov 14 18:48:02 2014


FIT:    data read from "data.dat" using 1:2
        #datapoints = 8
        residuals are weighted equally (unit weight)

function used for fitting: f(x)
fitted parameters initialized with current variable values



 Iteration 0
 WSSR        : 7.95897           delta(WSSR)/WSSR   : 0
 delta(WSSR) : 0                 limit for stopping : 1e-05
 lambda	  : 2.51259e+06

initial set of free parameter values

a               = 1.4647e-07
b               = 1

After 3 iterations the fit converged.
final sum of squares of residuals : 6.73675
rel. change during last iteration : -2.17168e-08

degrees of freedom    (FIT_NDF)                        : 6
rms of residuals      (FIT_STDFIT) = sqrt(WSSR/ndf)    : 1.05962
variance of residuals (reduced chisquare) = WSSR/ndf   : 1.12279

Final set of parameters            Asymptotic Standard Error
=======================            ==========================

a               = 3.64699e-08      +/- 1.145e-07    (314.1%)
b               = 1                +/- 0.407        (40.7%)


correlation matrix of the fit parameters:

               a      b      
a               1.000 
b              -0.391  1.000 


*******************************************************************************
Fri Nov 14 18:48:15 2014


FIT:    data read from "data.dat" using 1:2
        #datapoints = 8
        residuals are weighted equally (unit weight)

function used for fitting: f(x)
fitted parameters initialized with current variable values



 Iteration 0
 WSSR        : 6.73675           delta(WSSR)/WSSR   : 0
 delta(WSSR) : 0                 limit for stopping : 1e-05
 lambda	  : 2.51259e+06

initial set of free parameter values

a               = 3.64699e-08
b               = 1

After 1 iterations the fit converged.
final sum of squares of residuals : 6.73675
rel. change during last iteration : -2.14703e-12

degrees of freedom    (FIT_NDF)                        : 6
rms of residuals      (FIT_STDFIT) = sqrt(WSSR/ndf)    : 1.05962
variance of residuals (reduced chisquare) = WSSR/ndf   : 1.12279

Final set of parameters            Asymptotic Standard Error
=======================            ==========================

a               = 3.64699e-08      +/- 1.145e-07    (314.1%)
b               = 1                +/- 0.407        (40.7%)


correlation matrix of the fit parameters:

               a      b      
a               1.000 
b              -0.391  1.000 


*******************************************************************************
Fri Nov 14 18:48:53 2014


FIT:    data read from "data.dat" using 1:2
        #datapoints = 8
        residuals are weighted equally (unit weight)

function used for fitting: f(x)
fitted parameters initialized with current variable values



 Iteration 0
 WSSR        : 1.22231           delta(WSSR)/WSSR   : 0
 delta(WSSR) : 0                 limit for stopping : 1e-05
 lambda	  : 3.55335e+06

initial set of free parameter values

a               = 3.64699e-08

After 4 iterations the fit converged.
final sum of squares of residuals : 8.3878e-05
rel. change during last iteration : -4.31403e-14

degrees of freedom    (FIT_NDF)                        : 7
rms of residuals      (FIT_STDFIT) = sqrt(WSSR/ndf)    : 0.00346159
variance of residuals (reduced chisquare) = WSSR/ndf   : 1.19826e-05

Final set of parameters            Asymptotic Standard Error
=======================            ==========================

a               = 1.4647e-07       +/- 3.444e-10    (0.2351%)


correlation matrix of the fit parameters:

               a      
a               1.000 
