\BOOKMARK [1][-]{section.1}{The IEEE Code of Ethics}{}
\BOOKMARK [2][-]{subsection.1.1}{Overview}{section.1}
\BOOKMARK [3][-]{subsubsection.1.1.1}{What it achieives}{subsection.1.1}
\BOOKMARK [3][-]{subsubsection.1.1.2}{Why it's necessary}{subsection.1.1}
\BOOKMARK [2][-]{subsection.1.2}{Key points}{section.1}
\BOOKMARK [3][-]{subsubsection.1.2.1}{Ownership and responsibility of work}{subsection.1.2}
\BOOKMARK [3][-]{subsubsection.1.2.2}{Furthering research into technology}{subsection.1.2}
\BOOKMARK [3][-]{subsubsection.1.2.3}{Wrong doing}{subsection.1.2}
\BOOKMARK [1][-]{section.2}{Decision analysis}{}
\BOOKMARK [2][-]{subsection.2.1}{Overview}{section.2}
\BOOKMARK [3][-]{subsubsection.2.1.1}{The problem}{subsection.2.1}
\BOOKMARK [3][-]{subsubsection.2.1.2}{Some ``bad decisions'' and there outcomes}{subsection.2.1}
\BOOKMARK [2][-]{subsection.2.2}{The decisions}{section.2}
\BOOKMARK [2][-]{subsection.2.3}{Summary}{section.2}
\BOOKMARK [1][-]{section.3}{Comparison of ethical frameworks}{}
\BOOKMARK [2][-]{subsection.3.1}{Overview}{section.3}
\BOOKMARK [2][-]{subsection.3.2}{Biadu Code of Ethics}{section.3}
\BOOKMARK [2][-]{subsection.3.3}{Intel Code of Ethics}{section.3}
\BOOKMARK [2][-]{subsection.3.4}{Australian Computer Society Code of Ethics}{section.3}
\BOOKMARK [2][-]{subsection.3.5}{HP Code of Ethics}{section.3}
\BOOKMARK [1][-]{section.4}{Sources}{}
